Performing C SOURCE FILE Test CMAKE_HAVE_LIBC_PTHREAD failed with the following output:
Change Dir: /home/sergio/Tesis/catkin_ws/build/CMakeFiles/CMakeTmp

Run Build Command(s):/usr/bin/make cmTC_293a9/fast && /usr/bin/make -f CMakeFiles/cmTC_293a9.dir/build.make CMakeFiles/cmTC_293a9.dir/build
make[1]: se entra en el directorio '/home/sergio/Tesis/catkin_ws/build/CMakeFiles/CMakeTmp'
Building C object CMakeFiles/cmTC_293a9.dir/src.c.o
/usr/bin/cc   -DCMAKE_HAVE_LIBC_PTHREAD   -o CMakeFiles/cmTC_293a9.dir/src.c.o   -c /home/sergio/Tesis/catkin_ws/build/CMakeFiles/CMakeTmp/src.c
Linking C executable cmTC_293a9
/usr/local/bin/cmake -E cmake_link_script CMakeFiles/cmTC_293a9.dir/link.txt --verbose=1
/usr/bin/cc  -DCMAKE_HAVE_LIBC_PTHREAD    -rdynamic CMakeFiles/cmTC_293a9.dir/src.c.o  -o cmTC_293a9 
CMakeFiles/cmTC_293a9.dir/src.c.o: En la función `main':
src.c:(.text+0x3e): referencia a `pthread_create' sin definir
src.c:(.text+0x4a): referencia a `pthread_detach' sin definir
src.c:(.text+0x56): referencia a `pthread_cancel' sin definir
src.c:(.text+0x67): referencia a `pthread_join' sin definir
src.c:(.text+0x7b): referencia a `pthread_atfork' sin definir
collect2: error: ld returned 1 exit status
CMakeFiles/cmTC_293a9.dir/build.make:103: recipe for target 'cmTC_293a9' failed
make[1]: *** [cmTC_293a9] Error 1
make[1]: se sale del directorio '/home/sergio/Tesis/catkin_ws/build/CMakeFiles/CMakeTmp'
Makefile:138: recipe for target 'cmTC_293a9/fast' failed
make: *** [cmTC_293a9/fast] Error 2


Source file was:
#include <pthread.h>

void* test_func(void* data)
{
  return data;
}

int main(void)
{
  pthread_t thread;
  pthread_create(&thread, NULL, test_func, NULL);
  pthread_detach(thread);
  pthread_cancel(thread);
  pthread_join(thread, NULL);
  pthread_atfork(NULL, NULL, NULL);
  pthread_exit(NULL);

  return 0;
}

Determining if the function pthread_create exists in the pthreads failed with the following output:
Change Dir: /home/sergio/Tesis/catkin_ws/build/CMakeFiles/CMakeTmp

Run Build Command(s):/usr/bin/make cmTC_bd2ef/fast && /usr/bin/make -f CMakeFiles/cmTC_bd2ef.dir/build.make CMakeFiles/cmTC_bd2ef.dir/build
make[1]: se entra en el directorio '/home/sergio/Tesis/catkin_ws/build/CMakeFiles/CMakeTmp'
Building C object CMakeFiles/cmTC_bd2ef.dir/CheckFunctionExists.c.o
/usr/bin/cc   -DCHECK_FUNCTION_EXISTS=pthread_create   -o CMakeFiles/cmTC_bd2ef.dir/CheckFunctionExists.c.o   -c /usr/local/share/cmake-3.17/Modules/CheckFunctionExists.c
Linking C executable cmTC_bd2ef
/usr/local/bin/cmake -E cmake_link_script CMakeFiles/cmTC_bd2ef.dir/link.txt --verbose=1
/usr/bin/cc  -DCHECK_FUNCTION_EXISTS=pthread_create    -rdynamic CMakeFiles/cmTC_bd2ef.dir/CheckFunctionExists.c.o  -o cmTC_bd2ef  -lpthreads 
/usr/bin/ld: no se puede encontrar -lpthreads
collect2: error: ld returned 1 exit status
CMakeFiles/cmTC_bd2ef.dir/build.make:103: recipe for target 'cmTC_bd2ef' failed
make[1]: *** [cmTC_bd2ef] Error 1
make[1]: se sale del directorio '/home/sergio/Tesis/catkin_ws/build/CMakeFiles/CMakeTmp'
Makefile:138: recipe for target 'cmTC_bd2ef/fast' failed
make: *** [cmTC_bd2ef/fast] Error 2



